<?xml version="1.0" encoding="UTF-8"?>
<testng-results ignored="0" total="1" passed="1" failed="0" skipped="0">
  <reporter-output>
  </reporter-output>
  <suite started-at="2021-05-24T12:46:31 EDT" name="Default suite" finished-at="2021-05-24T12:46:42 EDT" duration-ms="11419">
    <groups>
    </groups>
    <test started-at="2021-05-24T12:46:31 EDT" name="Default test" finished-at="2021-05-24T12:46:42 EDT" duration-ms="11419">
      <class name="kdf.Application">
        <test-method signature="verifyInvalidLogin()[pri:0, instance:kdf.Application@32910148]" started-at="2021-05-24T12:46:31 EDT" name="verifyInvalidLogin" finished-at="2021-05-24T12:46:42 EDT" duration-ms="11401" status="PASS">
          <reporter-output>
          </reporter-output>
        </test-method> <!-- verifyInvalidLogin -->
      </class> <!-- kdf.Application -->
    </test> <!-- Default test -->
  </suite> <!-- Default suite -->
</testng-results>
