<?xml version="1.0" encoding="UTF-8"?>
<testng-results ignored="0" total="1" passed="1" failed="0" skipped="0">
  <reporter-output>
  </reporter-output>
  <suite started-at="2021-05-23T12:00:56 EDT" name="Default suite" finished-at="2021-05-23T12:00:58 EDT" duration-ms="2785">
    <groups>
    </groups>
    <test started-at="2021-05-23T12:00:56 EDT" name="Default test" finished-at="2021-05-23T12:00:58 EDT" duration-ms="2785">
      <class name="com.webappsecurity.zero.TestScripts.VerifyTransferFundsTest">
        <test-method is-config="true" signature="openBrowser()[pri:0, instance:com.webappsecurity.zero.TestScripts.VerifyTransferFundsTest@68567e20]" started-at="2021-05-23T12:00:56 EDT" name="openBrowser" finished-at="2021-05-23T12:00:57 EDT" duration-ms="1753" status="PASS">
          <reporter-output>
          </reporter-output>
        </test-method> <!-- openBrowser -->
        <test-method signature="verifyTransferFunds()[pri:0, instance:com.webappsecurity.zero.TestScripts.VerifyTransferFundsTest@68567e20]" started-at="2021-05-23T12:00:57 EDT" name="verifyTransferFunds" finished-at="2021-05-23T12:00:58 EDT" duration-ms="987" status="PASS">
          <reporter-output>
          </reporter-output>
        </test-method> <!-- verifyTransferFunds -->
        <test-method is-config="true" signature="closeApplication()[pri:0, instance:com.webappsecurity.zero.TestScripts.VerifyTransferFundsTest@68567e20]" started-at="2021-05-23T12:00:58 EDT" name="closeApplication" finished-at="2021-05-23T12:00:58 EDT" duration-ms="31" status="PASS">
          <reporter-output>
          </reporter-output>
        </test-method> <!-- closeApplication -->
      </class> <!-- com.webappsecurity.zero.TestScripts.VerifyTransferFundsTest -->
    </test> <!-- Default test -->
  </suite> <!-- Default suite -->
</testng-results>
